abcdefghhgfedecba

a : 2
b : 2
c : 2
d : 2
e : 3
f : 2
g : 2
h : 2

howManyOnes = 0
distinct = 8
n = 17

occurrences = 17 / 8 = 2
delta = 1

a=2 - 2 = 0
b=2 - 2 = 0
c=2 - 2 = 0
d=2 - 2 = 0
e=3 - 2 = 1


3 --> 3 = 6 - 3
4 --> 6 = 10 - 4
5 --> 10 = 15 - 5
6 --> 15 = 21 - 6 = (n+1)(n)/2 - n = n2 - n + 1 / 2  
aaaaaa
a a a a a a a = 6x1    = 6
aa aa aa aa aa = 5x2   = 5
aaa aaa aaa aaa = 4x3  = 4
aaaa aaaa aaaa = 3x4   = 3
aaaaa aaaaaa = 2x5     = 2
aaaaaa = 1x6           = 1



aaaaa

a a a a a = 1x5   = 5
aa aa aa aa = 2x4 = 4 
aaa aaa aaa = 3x3 = 3
aaaa aaaa = 4x2   = 2
aaaaaa = 5x1      = 1

aaa

a a a = 3x1   = 3
aa aa = 2x2   = 2 --> 10 = 4x5 - 3
aaaa  = 1x3   = 1

aaaa

a a a a  = 4x1  = 4
aa aa aa = 3x2  = 3
aaa aaa = 2x3   = 2 --> 20 
aaaa = 1x4      = 1


56 = 6 --> 7x8 - 6 --> (n+1)(n+2) - n = n2 + 2n + 2
